<?xml version="1.0" encoding="UTF-8"?>
<!-- Generated by org.testng.reporters.JUnitXMLReporter -->
<testsuite ignored="0" hostname="LAPTOP-BKEQF5PU" failures="0" tests="1" name="Test" time="0.043" errors="0" timestamp="2020-07-11T14:11:57 IST">
  <testcase classname="com.learnautomation.pages.BaseClass" name="@BeforeClass setup" time="0.001">
    <failure type="java.lang.NullPointerException">
      <![CDATA[java.lang.NullPointerException
at com.learnautomation.utility.ConfigDataProvider.getBrowser(ConfigDataProvider.java:32)
at com.learnautomation.pages.BaseClass.setup(BaseClass.java:31)
at java.base/java.util.ArrayList.forEach(ArrayList.java:1510)
... Removed 25 stack frames]]>
    </failure>
  </testcase> <!-- @BeforeClass setup -->
  <testcase classname="com.learnautomation.pages.BaseClass" name="@AfterClass teardown" time="-1.594456917208E9">
    <skipped/>
  </testcase> <!-- @AfterClass teardown -->
  <testcase classname="com.learnautomation.testcases.LoginTestCRM" name="loginApp" time="0.0">
    <skipped/>
  </testcase> <!-- loginApp -->
</testsuite> <!-- Test -->
